  EntityBox.cpp
C:\Code Projects\ParticleSimulator2D\Game\Entities\EntityBox.cpp(4,28): warning C4244: '=': conversion from 'int' to 'float', possible loss of data
C:\Code Projects\ParticleSimulator2D\Game\Entities\EntityBox.cpp(5,27): warning C4244: '=': conversion from 'int' to 'float', possible loss of data
C:\Code Projects\ParticleSimulator2D\Game\Entities\EntityBox.cpp(12,18): warning C4244: 'initializing': conversion from 'int' to 'float', possible loss of data
C:\Code Projects\ParticleSimulator2D\Game\Entities\EntityBox.cpp(13,17): warning C4244: 'initializing': conversion from 'int' to 'float', possible loss of data
C:\Code Projects\ParticleSimulator2D\Game\Entities\EntityBox.cpp(20,18): warning C4244: 'initializing': conversion from 'int' to 'float', possible loss of data
C:\Code Projects\ParticleSimulator2D\Game\Entities\EntityBox.cpp(21,17): warning C4244: 'initializing': conversion from 'int' to 'float', possible loss of data
C:\Code Projects\ParticleSimulator2D\Game\Entities\EntityBox.cpp(57,55): warning C4244: 'argument': conversion from 'double' to 'const float', possible loss of data
  EntityCircle.cpp
C:\Code Projects\ParticleSimulator2D\Game\Entities\EntityCircle.cpp(4,34): warning C4244: '=': conversion from 'int' to 'float', possible loss of data
C:\Code Projects\ParticleSimulator2D\Game\Entities\EntityCircle.cpp(5,24): warning C4244: '=': conversion from 'long double' to 'float', possible loss of data
C:\Code Projects\ParticleSimulator2D\Game\Entities\EntityCircle.cpp(11,31): warning C4244: '=': conversion from 'int' to 'float', possible loss of data
C:\Code Projects\ParticleSimulator2D\Game\Entities\EntityCircle.cpp(12,24): warning C4244: '=': conversion from 'long double' to 'float', possible loss of data
C:\Code Projects\ParticleSimulator2D\Game\Entities\EntityCircle.cpp(18,34): warning C4244: '=': conversion from 'int' to 'float', possible loss of data
C:\Code Projects\ParticleSimulator2D\Game\Entities\EntityCircle.cpp(19,24): warning C4244: '=': conversion from 'long double' to 'float', possible loss of data
C:\Code Projects\ParticleSimulator2D\Game\Entities\EntityCircle.cpp(51,55): warning C4244: 'argument': conversion from 'double' to 'const float', possible loss of data
C:\Code Projects\ParticleSimulator2D\Game\Entities\EntityCircle.cpp(164,32): warning C4018: '<': signed/unsigned mismatch
  main.cpp
C:\Code Projects\ParticleSimulator2D\Game\main.cpp(158,59): warning C4244: 'argument': conversion from 'double' to 'float', possible loss of data
C:\Code Projects\ParticleSimulator2D\Game\main.cpp(158,53): warning C4244: 'argument': conversion from 'double' to 'float', possible loss of data
C:\Code Projects\ParticleSimulator2D\Game\main.cpp(231,104): warning C4244: 'argument': conversion from 'unsigned int' to 'float', possible loss of data
C:\Code Projects\ParticleSimulator2D\Game\main.cpp(231,75): warning C4244: 'argument': conversion from 'unsigned int' to 'float', possible loss of data
  Generating Code...
  Game.vcxproj -> C:\Code Projects\ParticleSimulator2D\x64\Debug\Game.exe
